10:11:29.799 [main] INFO  mlechka.array.service.impl.ArithmeticArrayServiceImpl - Minimal value in array: -1
10:11:29.810 [main] INFO  mlechka.array.service.impl.ArithmeticArrayServiceImpl - Maximum value in array: 8
10:11:29.810 [main] INFO  mlechka.array.service.impl.ArithmeticArrayServiceImpl - Sum of values in array: 19
10:11:29.810 [main] INFO  mlechka.array.service.impl.ArithmeticArrayServiceImpl - Average value in array: 4.75
10:11:29.811 [main] INFO  mlechka.array.service.impl.ArithmeticArrayServiceImpl - Number of positive values in array: 3
10:11:29.811 [main] INFO  mlechka.array.service.impl.ArithmeticArrayServiceImpl - Number of negative values in array: 1
10:11:29.812 [main] INFO  mlechka.array.service.impl.ArithmeticArrayServiceImpl - Minimal value in array: 6
10:11:29.813 [main] INFO  mlechka.array.service.impl.ArithmeticArrayServiceImpl - Maximum value in array: 45
10:11:29.813 [main] INFO  mlechka.array.service.impl.ArithmeticArrayServiceImpl - Sum of values in array: 68
10:11:29.813 [main] INFO  mlechka.array.service.impl.ArithmeticArrayServiceImpl - Average value in array: 17.0
10:11:29.813 [main] INFO  mlechka.array.service.impl.ArithmeticArrayServiceImpl - Number of positive values in array: 4
10:11:29.814 [main] INFO  mlechka.array.service.impl.ArithmeticArrayServiceImpl - Number of negative values in array: 0
10:11:29.814 [main] INFO  mlechka.array.service.impl.ArithmeticArrayServiceImpl - Minimal value in array: -1
10:11:29.815 [main] INFO  mlechka.array.service.impl.ArithmeticArrayServiceImpl - Maximum value in array: 1
10:11:29.815 [main] INFO  mlechka.array.service.impl.ArithmeticArrayServiceImpl - Sum of values in array: 0
10:11:29.815 [main] INFO  mlechka.array.service.impl.ArithmeticArrayServiceImpl - Average value in array: 0.0
10:11:29.815 [main] INFO  mlechka.array.service.impl.ArithmeticArrayServiceImpl - Number of positive values in array: 1
10:11:29.816 [main] INFO  mlechka.array.service.impl.ArithmeticArrayServiceImpl - Number of negative values in array: 1
10:11:29.816 [main] INFO  mlechka.array.service.impl.ArithmeticArrayServiceImpl - Minimal value in array: -2
10:11:29.817 [main] INFO  mlechka.array.service.impl.ArithmeticArrayServiceImpl - Maximum value in array: -1
10:11:29.817 [main] INFO  mlechka.array.service.impl.ArithmeticArrayServiceImpl - Sum of values in array: -3
10:11:29.817 [main] INFO  mlechka.array.service.impl.ArithmeticArrayServiceImpl - Average value in array: -1.5
10:11:29.817 [main] INFO  mlechka.array.service.impl.ArithmeticArrayServiceImpl - Number of positive values in array: 0
10:11:29.818 [main] INFO  mlechka.array.service.impl.ArithmeticArrayServiceImpl - Number of negative values in array: 2
10:11:29.819 [main] INFO  by.mlechka.array.main.ArrayApplication - Original array: DataArray{id=a5b6220a-1443-4589-8b0c-03cfef633d7a, numbers=[1, 2, 3, 4, 5], observer=by.mlechka.array.observer.impl.ArrayObserver@5f8e8a9d}
10:11:29.820 [main] INFO  mlechka.array.service.impl.ArithmeticArrayServiceImpl - Minimal value in array: 1
10:11:29.820 [main] INFO  mlechka.array.service.impl.ArithmeticArrayServiceImpl - Maximum value in array: 5
10:11:29.820 [main] INFO  mlechka.array.service.impl.ArithmeticArrayServiceImpl - Average value in array: 3.0
10:11:29.820 [main] INFO  mlechka.array.service.impl.ArithmeticArrayServiceImpl - Sum of values in array: 15
10:11:29.821 [main] INFO  by.mlechka.array.main.ArrayApplication - Original array: DataArray{id=c17188a6-93e7-4438-a629-92786d1a134e, numbers=[7, -1, 5, 8], observer=by.mlechka.array.observer.impl.ArrayObserver@3cce5371}
10:11:29.821 [main] INFO  mlechka.array.service.impl.ArithmeticArrayServiceImpl - Minimal value in array: -1
10:11:29.821 [main] INFO  mlechka.array.service.impl.ArithmeticArrayServiceImpl - Maximum value in array: 8
10:11:29.821 [main] INFO  mlechka.array.service.impl.ArithmeticArrayServiceImpl - Average value in array: 4.75
10:11:29.821 [main] INFO  mlechka.array.service.impl.ArithmeticArrayServiceImpl - Sum of values in array: 19
10:11:29.822 [main] INFO  by.mlechka.array.main.ArrayApplication - Original array: DataArray{id=98c0dd15-b48b-4b7a-846f-15f317bd3aa7, numbers=[8, 9, 45, 6], observer=by.mlechka.array.observer.impl.ArrayObserver@38467116}
10:11:29.822 [main] INFO  mlechka.array.service.impl.ArithmeticArrayServiceImpl - Minimal value in array: 6
10:11:29.822 [main] INFO  mlechka.array.service.impl.ArithmeticArrayServiceImpl - Maximum value in array: 45
10:11:29.822 [main] INFO  mlechka.array.service.impl.ArithmeticArrayServiceImpl - Average value in array: 17.0
10:11:29.823 [main] INFO  mlechka.array.service.impl.ArithmeticArrayServiceImpl - Sum of values in array: 68
10:11:29.823 [main] INFO  by.mlechka.array.main.ArrayApplication - Original array: DataArray{id=ade089ad-c163-4109-a6a2-4de9da2a3100, numbers=[-1, 1], observer=by.mlechka.array.observer.impl.ArrayObserver@5b7a7f33}
10:11:29.823 [main] INFO  mlechka.array.service.impl.ArithmeticArrayServiceImpl - Minimal value in array: -1
10:11:29.823 [main] INFO  mlechka.array.service.impl.ArithmeticArrayServiceImpl - Maximum value in array: 1
10:11:29.824 [main] INFO  mlechka.array.service.impl.ArithmeticArrayServiceImpl - Average value in array: 0.0
10:11:29.824 [main] INFO  mlechka.array.service.impl.ArithmeticArrayServiceImpl - Sum of values in array: 0
10:11:29.824 [main] INFO  by.mlechka.array.main.ArrayApplication - Original array: DataArray{id=154d1838-42ef-4eb7-940f-b03efe2bc0d9, numbers=[-1, -2], observer=by.mlechka.array.observer.impl.ArrayObserver@790da477}
10:11:29.824 [main] INFO  mlechka.array.service.impl.ArithmeticArrayServiceImpl - Minimal value in array: -2
10:11:29.825 [main] INFO  mlechka.array.service.impl.ArithmeticArrayServiceImpl - Maximum value in array: -1
10:11:29.825 [main] INFO  mlechka.array.service.impl.ArithmeticArrayServiceImpl - Average value in array: -1.5
10:11:29.825 [main] INFO  mlechka.array.service.impl.ArithmeticArrayServiceImpl - Sum of values in array: -3
10:12:16.580 [main] DEBUG mlechka.array.validator.impl.ArrayValidatorImpl - String 1 2 3 4 5 contains only numbers and whitespaces and will be processed to an array with numbers
10:12:16.587 [main] DEBUG mlechka.array.validator.impl.ArrayValidatorImpl - String 7 -1 5 8 contains only numbers and whitespaces and will be processed to an array with numbers
10:12:16.588 [main] INFO  mlechka.array.validator.impl.ArrayValidatorImpl - String a z 4 do not contain only numbers and whitespaces and will be ignored
10:12:16.588 [main] INFO  mlechka.array.validator.impl.ArrayValidatorImpl - String 1 k 123 do not contain only numbers and whitespaces and will be ignored
10:12:16.589 [main] DEBUG mlechka.array.validator.impl.ArrayValidatorImpl - String 8 9 45 6 contains only numbers and whitespaces and will be processed to an array with numbers
10:12:16.590 [main] INFO  mlechka.array.validator.impl.ArrayValidatorImpl - String . do not contain only numbers and whitespaces and will be ignored
10:12:16.590 [main] INFO  mlechka.array.validator.impl.ArrayValidatorImpl - String - 1 do not contain only numbers and whitespaces and will be ignored
10:12:16.591 [main] INFO  mlechka.array.validator.impl.ArrayValidatorImpl - String 1 - do not contain only numbers and whitespaces and will be ignored
10:12:16.591 [main] INFO  mlechka.array.validator.impl.ArrayValidatorImpl - String - do not contain only numbers and whitespaces and will be ignored
10:12:16.591 [main] INFO  mlechka.array.validator.impl.ArrayValidatorImpl - String + do not contain only numbers and whitespaces and will be ignored
10:12:16.592 [main] DEBUG mlechka.array.validator.impl.ArrayValidatorImpl - String -1 1 contains only numbers and whitespaces and will be processed to an array with numbers
10:12:16.592 [main] DEBUG mlechka.array.validator.impl.ArrayValidatorImpl - String -1 -2 contains only numbers and whitespaces and will be processed to an array with numbers
10:13:47.514 [main] DEBUG mlechka.array.validator.impl.ArrayValidatorImpl - String 1 2 3 4 5 contains only numbers and whitespaces and will be processed to an array with numbers
10:13:47.519 [main] DEBUG mlechka.array.validator.impl.ArrayValidatorImpl - String 7 -1 5 8 contains only numbers and whitespaces and will be processed to an array with numbers
10:13:47.520 [main] INFO  mlechka.array.validator.impl.ArrayValidatorImpl - String a z 4 do not contain only numbers and whitespaces and will be ignored
10:13:47.521 [main] INFO  mlechka.array.validator.impl.ArrayValidatorImpl - String 1 k 123 do not contain only numbers and whitespaces and will be ignored
10:13:47.521 [main] DEBUG mlechka.array.validator.impl.ArrayValidatorImpl - String 8 9 45 6 contains only numbers and whitespaces and will be processed to an array with numbers
10:13:47.522 [main] INFO  mlechka.array.validator.impl.ArrayValidatorImpl - String . do not contain only numbers and whitespaces and will be ignored
10:13:47.522 [main] INFO  mlechka.array.validator.impl.ArrayValidatorImpl - String - 1 do not contain only numbers and whitespaces and will be ignored
10:13:47.523 [main] INFO  mlechka.array.validator.impl.ArrayValidatorImpl - String 1 - do not contain only numbers and whitespaces and will be ignored
10:13:47.523 [main] INFO  mlechka.array.validator.impl.ArrayValidatorImpl - String - do not contain only numbers and whitespaces and will be ignored
10:13:47.523 [main] INFO  mlechka.array.validator.impl.ArrayValidatorImpl - String + do not contain only numbers and whitespaces and will be ignored
10:13:47.523 [main] DEBUG mlechka.array.validator.impl.ArrayValidatorImpl - String -1 1 contains only numbers and whitespaces and will be processed to an array with numbers
10:13:47.524 [main] DEBUG mlechka.array.validator.impl.ArrayValidatorImpl - String -1 -2 contains only numbers and whitespaces and will be processed to an array with numbers
10:13:47.637 [main] INFO  mlechka.array.service.impl.ArithmeticArrayServiceImpl - Minimal value in array: 1
10:13:47.638 [main] INFO  mlechka.array.service.impl.ArithmeticArrayServiceImpl - Maximum value in array: 5
10:13:47.638 [main] INFO  mlechka.array.service.impl.ArithmeticArrayServiceImpl - Sum of values in array: 15
