16:40:26.385 [main] INFO  mlechka.array.service.impl.ArithmeticArrayServiceImpl - Sum of values in array: 107
16:40:26.396 [main] INFO  by.mlechka.array.main.ArrayApplication - Original array: DataArray{id=7f091743-1d45-4d1d-9ddd-d9f471f724f7, numbers=[-1, 1]}
16:40:26.396 [main] INFO  mlechka.array.service.impl.ArithmeticArrayServiceImpl - Minimal value in array: -1
16:40:26.396 [main] INFO  mlechka.array.service.impl.ArithmeticArrayServiceImpl - Maximum value in array: 1
16:40:26.397 [main] INFO  mlechka.array.service.impl.ArithmeticArrayServiceImpl - Array after replacement: DataArray{id=7f091743-1d45-4d1d-9ddd-d9f471f724f7, numbers=[1, 1]}
16:40:26.397 [main] INFO  mlechka.array.service.impl.ArithmeticArrayServiceImpl - Average value in array: 1.0
16:40:26.398 [main] INFO  mlechka.array.service.impl.ArithmeticArrayServiceImpl - Sum of values in array: 2
16:40:26.398 [main] INFO  by.mlechka.array.main.ArrayApplication - Original array: DataArray{id=e001708e-127b-42bf-84eb-840b886bb742, numbers=[-1, -2]}
16:40:26.399 [main] INFO  mlechka.array.service.impl.ArithmeticArrayServiceImpl - Minimal value in array: -2
16:40:26.399 [main] INFO  mlechka.array.service.impl.ArithmeticArrayServiceImpl - Maximum value in array: -1
16:40:26.399 [main] INFO  mlechka.array.service.impl.ArithmeticArrayServiceImpl - Array after replacement: DataArray{id=e001708e-127b-42bf-84eb-840b886bb742, numbers=[-1, -1]}
16:40:26.399 [main] INFO  mlechka.array.service.impl.ArithmeticArrayServiceImpl - Average value in array: -1.0
16:40:26.400 [main] INFO  mlechka.array.service.impl.ArithmeticArrayServiceImpl - Sum of values in array: -2
16:41:47.792 [main] DEBUG mlechka.array.validator.impl.ArrayValidatorImpl - String 1 2 3 4 5 contains only numbers and whitespaces and will be processed to an array with numbers
16:41:47.797 [main] DEBUG mlechka.array.validator.impl.ArrayValidatorImpl - String 7 -1 5 8 contains only numbers and whitespaces and will be processed to an array with numbers
16:41:47.799 [main] INFO  mlechka.array.validator.impl.ArrayValidatorImpl - String a z 4 do not contain only numbers and whitespaces and will be ignored
16:41:47.799 [main] INFO  mlechka.array.validator.impl.ArrayValidatorImpl - String 1 k 123 do not contain only numbers and whitespaces and will be ignored
16:41:47.800 [main] DEBUG mlechka.array.validator.impl.ArrayValidatorImpl - String 8 9 45 6 contains only numbers and whitespaces and will be processed to an array with numbers
16:41:47.800 [main] INFO  mlechka.array.validator.impl.ArrayValidatorImpl - String . do not contain only numbers and whitespaces and will be ignored
16:41:47.801 [main] INFO  mlechka.array.validator.impl.ArrayValidatorImpl - String - 1 do not contain only numbers and whitespaces and will be ignored
16:41:47.801 [main] INFO  mlechka.array.validator.impl.ArrayValidatorImpl - String 1 - do not contain only numbers and whitespaces and will be ignored
16:41:47.802 [main] INFO  mlechka.array.validator.impl.ArrayValidatorImpl - String - do not contain only numbers and whitespaces and will be ignored
16:41:47.802 [main] INFO  mlechka.array.validator.impl.ArrayValidatorImpl - String + do not contain only numbers and whitespaces and will be ignored
16:41:47.802 [main] DEBUG mlechka.array.validator.impl.ArrayValidatorImpl - String -1 1 contains only numbers and whitespaces and will be processed to an array with numbers
16:41:47.803 [main] DEBUG mlechka.array.validator.impl.ArrayValidatorImpl - String -1 -2 contains only numbers and whitespaces and will be processed to an array with numbers
16:41:47.922 [main] INFO  by.mlechka.array.main.ArrayApplication - Original array: DataArray{id=f40ecf83-088c-482e-97f4-6b311746c9f3, numbers=[1, 2, 3, 4, 5]}
16:41:47.922 [main] INFO  mlechka.array.service.impl.ArithmeticArrayServiceImpl - Minimal value in array: 1
16:41:47.923 [main] INFO  mlechka.array.service.impl.ArithmeticArrayServiceImpl - Maximum value in array: 5
16:41:47.923 [main] INFO  mlechka.array.service.impl.ArithmeticArrayServiceImpl - Average value in array: 3.0
16:41:47.924 [main] INFO  mlechka.array.service.impl.ArithmeticArrayServiceImpl - Sum of values in array: 15
16:41:47.924 [main] INFO  by.mlechka.array.main.ArrayApplication - Original array: DataArray{id=113ca79c-da98-4c71-ae87-33807a078175, numbers=[7, -1, 5, 8]}
16:41:47.924 [main] INFO  mlechka.array.service.impl.ArithmeticArrayServiceImpl - Minimal value in array: -1
16:41:47.925 [main] INFO  mlechka.array.service.impl.ArithmeticArrayServiceImpl - Maximum value in array: 8
16:41:47.925 [main] INFO  mlechka.array.service.impl.ArithmeticArrayServiceImpl - Average value in array: 4.75
16:41:47.925 [main] INFO  mlechka.array.service.impl.ArithmeticArrayServiceImpl - Sum of values in array: 19
16:41:47.925 [main] INFO  by.mlechka.array.main.ArrayApplication - Original array: DataArray{id=6b931321-c1e0-4275-b727-347efc1504f8, numbers=[8, 9, 45, 6]}
16:41:47.926 [main] INFO  mlechka.array.service.impl.ArithmeticArrayServiceImpl - Minimal value in array: 6
16:41:47.926 [main] INFO  mlechka.array.service.impl.ArithmeticArrayServiceImpl - Maximum value in array: 45
16:41:47.926 [main] INFO  mlechka.array.service.impl.ArithmeticArrayServiceImpl - Average value in array: 17.0
16:41:47.926 [main] INFO  mlechka.array.service.impl.ArithmeticArrayServiceImpl - Sum of values in array: 68
16:41:47.927 [main] INFO  by.mlechka.array.main.ArrayApplication - Original array: DataArray{id=40f51cbf-e0eb-4c41-a517-358c2b0c5fd3, numbers=[-1, 1]}
16:41:47.927 [main] INFO  mlechka.array.service.impl.ArithmeticArrayServiceImpl - Minimal value in array: -1
16:41:47.927 [main] INFO  mlechka.array.service.impl.ArithmeticArrayServiceImpl - Maximum value in array: 1
16:41:47.928 [main] INFO  mlechka.array.service.impl.ArithmeticArrayServiceImpl - Average value in array: 0.0
16:41:47.928 [main] INFO  mlechka.array.service.impl.ArithmeticArrayServiceImpl - Sum of values in array: 0
16:41:47.928 [main] INFO  by.mlechka.array.main.ArrayApplication - Original array: DataArray{id=c1844069-33af-4ef1-9bab-08e5cda3cdea, numbers=[-1, -2]}
16:41:47.928 [main] INFO  mlechka.array.service.impl.ArithmeticArrayServiceImpl - Minimal value in array: -2
16:41:47.929 [main] INFO  mlechka.array.service.impl.ArithmeticArrayServiceImpl - Maximum value in array: -1
16:41:47.929 [main] INFO  mlechka.array.service.impl.ArithmeticArrayServiceImpl - Average value in array: -1.5
16:41:47.929 [main] INFO  mlechka.array.service.impl.ArithmeticArrayServiceImpl - Sum of values in array: -3
16:42:58.089 [main] DEBUG mlechka.array.validator.impl.ArrayValidatorImpl - String 1 2 3 4 5 contains only numbers and whitespaces and will be processed to an array with numbers
16:42:58.095 [main] DEBUG mlechka.array.validator.impl.ArrayValidatorImpl - String 7 -1 5 8 contains only numbers and whitespaces and will be processed to an array with numbers
16:42:58.095 [main] INFO  mlechka.array.validator.impl.ArrayValidatorImpl - String a z 4 do not contain only numbers and whitespaces and will be ignored
16:42:58.096 [main] INFO  mlechka.array.validator.impl.ArrayValidatorImpl - String 1 k 123 do not contain only numbers and whitespaces and will be ignored
16:42:58.097 [main] DEBUG mlechka.array.validator.impl.ArrayValidatorImpl - String 8 9 45 6 contains only numbers and whitespaces and will be processed to an array with numbers
16:42:58.097 [main] INFO  mlechka.array.validator.impl.ArrayValidatorImpl - String . do not contain only numbers and whitespaces and will be ignored
16:42:58.098 [main] INFO  mlechka.array.validator.impl.ArrayValidatorImpl - String - 1 do not contain only numbers and whitespaces and will be ignored
16:42:58.098 [main] INFO  mlechka.array.validator.impl.ArrayValidatorImpl - String 1 - do not contain only numbers and whitespaces and will be ignored
16:42:58.099 [main] INFO  mlechka.array.validator.impl.ArrayValidatorImpl - String - do not contain only numbers and whitespaces and will be ignored
16:42:58.099 [main] INFO  mlechka.array.validator.impl.ArrayValidatorImpl - String + do not contain only numbers and whitespaces and will be ignored
16:42:58.100 [main] DEBUG mlechka.array.validator.impl.ArrayValidatorImpl - String -1 1 contains only numbers and whitespaces and will be processed to an array with numbers
16:42:58.100 [main] DEBUG mlechka.array.validator.impl.ArrayValidatorImpl - String -1 -2 contains only numbers and whitespaces and will be processed to an array with numbers
16:42:58.223 [main] INFO  by.mlechka.array.main.ArrayApplication - Original array: DataArray{id=7ae5136a-945d-47c4-b8a5-3e6a555bea3a, numbers=[1, 2, 3, 4, 5]}
16:42:58.223 [main] INFO  mlechka.array.service.impl.ArithmeticArrayServiceImpl - Minimal value in array: 1
16:42:58.224 [main] INFO  mlechka.array.service.impl.ArithmeticArrayServiceImpl - Maximum value in array: 5
16:42:58.224 [main] INFO  mlechka.array.service.impl.ArithmeticArrayServiceImpl - Average value in array: 3.0
16:42:58.225 [main] INFO  mlechka.array.service.impl.ArithmeticArrayServiceImpl - Sum of values in array: 15
16:42:58.225 [main] INFO  by.mlechka.array.main.ArrayApplication - Original array: DataArray{id=bf640a9c-cbf8-4974-adef-f141c446d141, numbers=[7, -1, 5, 8]}
16:42:58.225 [main] INFO  mlechka.array.service.impl.ArithmeticArrayServiceImpl - Minimal value in array: -1
16:42:58.226 [main] INFO  mlechka.array.service.impl.ArithmeticArrayServiceImpl - Maximum value in array: 8
16:42:58.226 [main] INFO  mlechka.array.service.impl.ArithmeticArrayServiceImpl - Average value in array: 4.75
16:42:58.226 [main] INFO  mlechka.array.service.impl.ArithmeticArrayServiceImpl - Sum of values in array: 19
16:42:58.226 [main] INFO  by.mlechka.array.main.ArrayApplication - Original array: DataArray{id=f74fad70-1936-4193-8393-ce8ed30b27e4, numbers=[8, 9, 45, 6]}
16:42:58.227 [main] INFO  mlechka.array.service.impl.ArithmeticArrayServiceImpl - Minimal value in array: 6
16:42:58.227 [main] INFO  mlechka.array.service.impl.ArithmeticArrayServiceImpl - Maximum value in array: 45
16:42:58.227 [main] INFO  mlechka.array.service.impl.ArithmeticArrayServiceImpl - Average value in array: 17.0
16:42:58.228 [main] INFO  mlechka.array.service.impl.ArithmeticArrayServiceImpl - Sum of values in array: 68
