18:59:40.046 [main] INFO  by.mlechka.array.main.ArrayApplication - Original array: DataArray{id=249f3a2f-ba46-4e63-883d-e9b55dc7e2cc, numbers=[1, 2, 3, 4, 5]}
18:59:40.068 [main] INFO  mlechka.array.service.impl.DataArrayServiceImpl - Minimum value in array: 1
18:59:40.069 [main] INFO  by.mlechka.array.main.ArrayApplication - Minimum value in array: 1
18:59:40.069 [main] INFO  mlechka.array.service.impl.DataArrayServiceImpl - Maximum value in array: 5
18:59:40.070 [main] INFO  by.mlechka.array.main.ArrayApplication - Maximum value in array: 5
18:59:40.070 [main] INFO  mlechka.array.service.impl.DataArrayServiceImpl - Array after replacement: DataArray{id=249f3a2f-ba46-4e63-883d-e9b55dc7e2cc, numbers=[5, 2, 3, 4, 5]}
18:59:40.071 [main] INFO  by.mlechka.array.main.ArrayApplication - Array after replacement: DataArray{id=249f3a2f-ba46-4e63-883d-e9b55dc7e2cc, numbers=[5, 2, 3, 4, 5]}
18:59:40.072 [main] INFO  mlechka.array.service.impl.DataArrayServiceImpl - Average value in array: 3.8
18:59:40.074 [main] INFO  by.mlechka.array.main.ArrayApplication - Average value in array: 3.8
18:59:40.075 [main] INFO  mlechka.array.service.impl.DataArrayServiceImpl - Sum of values in array: 19
18:59:40.075 [main] INFO  by.mlechka.array.main.ArrayApplication - Sum of values in array: 19
19:01:56.167 [main] INFO  mlechka.array.service.impl.DataArrayServiceImpl - Minimum value in array: -1
19:01:56.180 [main] INFO  mlechka.array.service.impl.DataArrayServiceImpl - Maximum value in array: 9
19:01:56.181 [main] INFO  mlechka.array.service.impl.DataArrayServiceImpl - Sum of values in array: 22
19:01:56.184 [main] INFO  mlechka.array.service.impl.DataArrayServiceImpl - Average value in array: 3.6666666666666665
19:01:56.186 [main] INFO  mlechka.array.service.impl.DataArrayServiceImpl - Number of positive values in array: 4
19:01:56.186 [main] INFO  mlechka.array.service.impl.DataArrayServiceImpl - Number of negative values in array: 1
19:01:56.218 [main] INFO  by.mlechka.array.main.ArrayApplication - Warehouse: Warehouse{mapWithArrayCharacteristics={}}
19:05:37.119 [main] INFO  mlechka.array.service.impl.DataArrayServiceImpl - Minimum value in array: -1
19:05:37.128 [main] INFO  mlechka.array.service.impl.DataArrayServiceImpl - Maximum value in array: 9
19:05:37.128 [main] INFO  mlechka.array.service.impl.DataArrayServiceImpl - Sum of values in array: 22
19:05:37.129 [main] INFO  mlechka.array.service.impl.DataArrayServiceImpl - Average value in array: 3.6666666666666665
19:05:37.129 [main] INFO  mlechka.array.service.impl.DataArrayServiceImpl - Number of positive values in array: 4
19:05:37.130 [main] INFO  mlechka.array.service.impl.DataArrayServiceImpl - Number of negative values in array: 1
19:05:37.132 [main] INFO  by.mlechka.array.main.ArrayApplication - Warehouse: Warehouse{mapWithArrayCharacteristics={}}
19:42:46.654 [main] INFO  mlechka.array.service.impl.DataArrayServiceImpl - Minimum value in array: -1
19:42:46.660 [main] INFO  mlechka.array.service.impl.DataArrayServiceImpl - Maximum value in array: 9
19:42:46.660 [main] INFO  mlechka.array.service.impl.DataArrayServiceImpl - Sum of values in array: 22
19:42:46.661 [main] INFO  mlechka.array.service.impl.DataArrayServiceImpl - Average value in array: 3.6666666666666665
19:42:46.661 [main] INFO  mlechka.array.service.impl.DataArrayServiceImpl - Number of positive values in array: 4
19:42:46.661 [main] INFO  mlechka.array.service.impl.DataArrayServiceImpl - Number of negative values in array: 1
19:42:46.682 [main] INFO  by.mlechka.array.main.ArrayApplication - Warehouse: Warehouse{mapWithArrayCharacteristics={}}
15:07:27.579 [main] DEBUG mlechka.array.validator.impl.ArrayValidatorImpl - String 1 2 3 4 5 contains only numbers and whitespaces and will be processed to an array with numbers
15:09:23.237 [main] DEBUG mlechka.array.validator.impl.ArrayValidatorImpl - String 1 2 3 4 5 contains only numbers and whitespaces and will be processed to an array with numbers
16:05:01.885 [main] DEBUG mlechka.array.validator.impl.ArrayValidatorImpl - String 1 2 3 4 5 contains only numbers and whitespaces and will be processed to an array with numbers
16:07:18.295 [main] DEBUG mlechka.array.validator.impl.ArrayValidatorImpl - String 1 2 3 4 5 contains only numbers and whitespaces and will be processed to an array with numbers
16:07:18.303 [main] INFO  mlechka.array.validator.impl.ArrayValidatorImpl - String 7 -1 5 8 do not contain only numbers and whitespaces and will be ignored
16:07:18.303 [main] INFO  mlechka.array.validator.impl.ArrayValidatorImpl - String a z 4 do not contain only numbers and whitespaces and will be ignored
16:07:18.304 [main] INFO  mlechka.array.validator.impl.ArrayValidatorImpl - String 1 k 123 do not contain only numbers and whitespaces and will be ignored
16:07:18.304 [main] DEBUG mlechka.array.validator.impl.ArrayValidatorImpl - String 8 9 45 6 contains only numbers and whitespaces and will be processed to an array with numbers
16:07:18.305 [main] INFO  mlechka.array.validator.impl.ArrayValidatorImpl - String . do not contain only numbers and whitespaces and will be ignored
16:18:27.328 [main] DEBUG mlechka.array.validator.impl.ArrayValidatorImpl - String 1 2 3 4 5 contains only numbers and whitespaces and will be processed to an array with numbers
16:18:27.335 [main] DEBUG mlechka.array.validator.impl.ArrayValidatorImpl - String 7 -1 5 8 contains only numbers and whitespaces and will be processed to an array with numbers
16:18:27.336 [main] INFO  mlechka.array.validator.impl.ArrayValidatorImpl - String a z 4 do not contain only numbers and whitespaces and will be ignored
16:18:27.336 [main] INFO  mlechka.array.validator.impl.ArrayValidatorImpl - String 1 k 123 do not contain only numbers and whitespaces and will be ignored
16:18:27.336 [main] DEBUG mlechka.array.validator.impl.ArrayValidatorImpl - String 8 9 45 6 contains only numbers and whitespaces and will be processed to an array with numbers
16:18:27.337 [main] INFO  mlechka.array.validator.impl.ArrayValidatorImpl - String . do not contain only numbers and whitespaces and will be ignored
16:19:17.724 [main] DEBUG mlechka.array.validator.impl.ArrayValidatorImpl - String 1 2 3 4 5 contains only numbers and whitespaces and will be processed to an array with numbers
16:19:17.730 [main] DEBUG mlechka.array.validator.impl.ArrayValidatorImpl - String 7 -1 5 8 contains only numbers and whitespaces and will be processed to an array with numbers
16:19:17.731 [main] INFO  mlechka.array.validator.impl.ArrayValidatorImpl - String a z 4 do not contain only numbers and whitespaces and will be ignored
16:19:17.731 [main] INFO  mlechka.array.validator.impl.ArrayValidatorImpl - String 1 k 123 do not contain only numbers and whitespaces and will be ignored
16:19:17.732 [main] DEBUG mlechka.array.validator.impl.ArrayValidatorImpl - String 8 9 45 6 contains only numbers and whitespaces and will be processed to an array with numbers
16:19:17.732 [main] INFO  mlechka.array.validator.impl.ArrayValidatorImpl - String . do not contain only numbers and whitespaces and will be ignored
16:19:17.733 [main] INFO  mlechka.array.validator.impl.ArrayValidatorImpl - String - 1 do not contain only numbers and whitespaces and will be ignored
16:19:17.733 [main] INFO  mlechka.array.validator.impl.ArrayValidatorImpl - String 1 - do not contain only numbers and whitespaces and will be ignored
16:19:17.733 [main] INFO  mlechka.array.validator.impl.ArrayValidatorImpl - String - do not contain only numbers and whitespaces and will be ignored
16:19:17.734 [main] INFO  mlechka.array.validator.impl.ArrayValidatorImpl - String + do not contain only numbers and whitespaces and will be ignored
16:19:44.571 [main] DEBUG mlechka.array.validator.impl.ArrayValidatorImpl - String 1 2 3 4 5 contains only numbers and whitespaces and will be processed to an array with numbers
16:19:44.576 [main] DEBUG mlechka.array.validator.impl.ArrayValidatorImpl - String 7 -1 5 8 contains only numbers and whitespaces and will be processed to an array with numbers
16:19:44.577 [main] INFO  mlechka.array.validator.impl.ArrayValidatorImpl - String a z 4 do not contain only numbers and whitespaces and will be ignored
16:19:44.578 [main] INFO  mlechka.array.validator.impl.ArrayValidatorImpl - String 1 k 123 do not contain only numbers and whitespaces and will be ignored
16:19:44.578 [main] DEBUG mlechka.array.validator.impl.ArrayValidatorImpl - String 8 9 45 6 contains only numbers and whitespaces and will be processed to an array with numbers
16:19:44.579 [main] INFO  mlechka.array.validator.impl.ArrayValidatorImpl - String . do not contain only numbers and whitespaces and will be ignored
16:19:44.580 [main] INFO  mlechka.array.validator.impl.ArrayValidatorImpl - String - 1 do not contain only numbers and whitespaces and will be ignored
16:19:44.580 [main] INFO  mlechka.array.validator.impl.ArrayValidatorImpl - String 1 - do not contain only numbers and whitespaces and will be ignored
16:19:44.581 [main] INFO  mlechka.array.validator.impl.ArrayValidatorImpl - String - do not contain only numbers and whitespaces and will be ignored
16:19:44.581 [main] INFO  mlechka.array.validator.impl.ArrayValidatorImpl - String + do not contain only numbers and whitespaces and will be ignored
16:19:44.581 [main] DEBUG mlechka.array.validator.impl.ArrayValidatorImpl - String -1 1 contains only numbers and whitespaces and will be processed to an array with numbers
16:19:44.582 [main] DEBUG mlechka.array.validator.impl.ArrayValidatorImpl - String -1 -2 contains only numbers and whitespaces and will be processed to an array with numbers
16:38:36.756 [main] DEBUG mlechka.array.validator.impl.ArrayValidatorImpl - String 1 2 3 4 5 contains only numbers and whitespaces and will be processed to an array with numbers
16:38:36.762 [main] DEBUG mlechka.array.validator.impl.ArrayValidatorImpl - String 7 -1 5 8 contains only numbers and whitespaces and will be processed to an array with numbers
16:38:36.762 [main] INFO  mlechka.array.validator.impl.ArrayValidatorImpl - String a z 4 do not contain only numbers and whitespaces and will be ignored
16:38:36.763 [main] INFO  mlechka.array.validator.impl.ArrayValidatorImpl - String 1 k 123 do not contain only numbers and whitespaces and will be ignored
