16:38:36.763 [main] DEBUG mlechka.array.validator.impl.ArrayValidatorImpl - String 8 9 45 6 contains only numbers and whitespaces and will be processed to an array with numbers
16:38:36.774 [main] INFO  mlechka.array.validator.impl.ArrayValidatorImpl - String . do not contain only numbers and whitespaces and will be ignored
16:38:36.775 [main] INFO  mlechka.array.validator.impl.ArrayValidatorImpl - String - 1 do not contain only numbers and whitespaces and will be ignored
16:38:36.775 [main] INFO  mlechka.array.validator.impl.ArrayValidatorImpl - String 1 - do not contain only numbers and whitespaces and will be ignored
16:38:36.776 [main] INFO  mlechka.array.validator.impl.ArrayValidatorImpl - String - do not contain only numbers and whitespaces and will be ignored
16:38:36.779 [main] INFO  mlechka.array.validator.impl.ArrayValidatorImpl - String + do not contain only numbers and whitespaces and will be ignored
16:38:36.780 [main] DEBUG mlechka.array.validator.impl.ArrayValidatorImpl - String -1 1 contains only numbers and whitespaces and will be processed to an array with numbers
16:38:36.780 [main] DEBUG mlechka.array.validator.impl.ArrayValidatorImpl - String -1 -2 contains only numbers and whitespaces and will be processed to an array with numbers
16:38:36.925 [main] INFO  by.mlechka.array.main.ArrayApplication - Original array: DataArray{id=70534e9f-3eb4-4a61-8695-9be552c48508, numbers=[1, 2, 3, 4, 5]}
16:38:36.926 [main] INFO  mlechka.array.service.impl.ArithmeticArrayServiceImpl - Minimal value in array: 1
16:38:36.930 [main] INFO  by.mlechka.array.main.ArrayApplication - Minimum value in array: 1
16:38:36.934 [main] INFO  mlechka.array.service.impl.ArithmeticArrayServiceImpl - Maximum value in array: 5
16:38:36.934 [main] INFO  by.mlechka.array.main.ArrayApplication - Maximum value in array: 5
16:38:36.935 [main] INFO  mlechka.array.service.impl.ArithmeticArrayServiceImpl - Array after replacement: DataArray{id=70534e9f-3eb4-4a61-8695-9be552c48508, numbers=[5, 2, 3, 4, 5]}
16:38:36.936 [main] INFO  by.mlechka.array.main.ArrayApplication - Array after replacement: DataArray{id=70534e9f-3eb4-4a61-8695-9be552c48508, numbers=[5, 2, 3, 4, 5]}
16:38:36.937 [main] INFO  mlechka.array.service.impl.ArithmeticArrayServiceImpl - Average value in array: 3.8
16:38:36.939 [main] INFO  by.mlechka.array.main.ArrayApplication - Average value in array: 3.8
16:38:36.939 [main] INFO  mlechka.array.service.impl.ArithmeticArrayServiceImpl - Sum of values in array: 19
16:38:36.940 [main] INFO  by.mlechka.array.main.ArrayApplication - Sum of values in array: 19
16:38:36.940 [main] INFO  by.mlechka.array.main.ArrayApplication - Original array: DataArray{id=816c3f1e-2629-4bed-b753-ad44fd229e1f, numbers=[7, -1, 5, 8]}
16:38:36.940 [main] INFO  mlechka.array.service.impl.ArithmeticArrayServiceImpl - Minimal value in array: -1
16:38:36.941 [main] INFO  by.mlechka.array.main.ArrayApplication - Minimum value in array: -1
16:38:36.942 [main] INFO  mlechka.array.service.impl.ArithmeticArrayServiceImpl - Maximum value in array: 8
16:38:36.943 [main] INFO  by.mlechka.array.main.ArrayApplication - Maximum value in array: 8
16:38:36.943 [main] INFO  mlechka.array.service.impl.ArithmeticArrayServiceImpl - Array after replacement: DataArray{id=816c3f1e-2629-4bed-b753-ad44fd229e1f, numbers=[7, 8, 5, 8]}
16:38:36.943 [main] INFO  by.mlechka.array.main.ArrayApplication - Array after replacement: DataArray{id=816c3f1e-2629-4bed-b753-ad44fd229e1f, numbers=[7, 8, 5, 8]}
16:38:36.944 [main] INFO  mlechka.array.service.impl.ArithmeticArrayServiceImpl - Average value in array: 7.0
16:38:36.945 [main] INFO  by.mlechka.array.main.ArrayApplication - Average value in array: 7.0
16:38:36.946 [main] INFO  mlechka.array.service.impl.ArithmeticArrayServiceImpl - Sum of values in array: 28
16:38:36.947 [main] INFO  by.mlechka.array.main.ArrayApplication - Sum of values in array: 28
16:38:36.947 [main] INFO  by.mlechka.array.main.ArrayApplication - Original array: DataArray{id=e6adfeab-ec7e-41cd-babd-28fd1c52a7c9, numbers=[8, 9, 45, 6]}
16:38:36.948 [main] INFO  mlechka.array.service.impl.ArithmeticArrayServiceImpl - Minimal value in array: 6
16:38:36.949 [main] INFO  by.mlechka.array.main.ArrayApplication - Minimum value in array: 6
16:38:36.949 [main] INFO  mlechka.array.service.impl.ArithmeticArrayServiceImpl - Maximum value in array: 45
16:38:36.950 [main] INFO  by.mlechka.array.main.ArrayApplication - Maximum value in array: 45
16:38:36.950 [main] INFO  mlechka.array.service.impl.ArithmeticArrayServiceImpl - Array after replacement: DataArray{id=e6adfeab-ec7e-41cd-babd-28fd1c52a7c9, numbers=[8, 9, 45, 45]}
16:38:36.950 [main] INFO  by.mlechka.array.main.ArrayApplication - Array after replacement: DataArray{id=e6adfeab-ec7e-41cd-babd-28fd1c52a7c9, numbers=[8, 9, 45, 45]}
16:38:36.951 [main] INFO  mlechka.array.service.impl.ArithmeticArrayServiceImpl - Average value in array: 26.75
16:38:36.951 [main] INFO  by.mlechka.array.main.ArrayApplication - Average value in array: 26.75
16:38:36.952 [main] INFO  mlechka.array.service.impl.ArithmeticArrayServiceImpl - Sum of values in array: 107
16:38:36.953 [main] INFO  by.mlechka.array.main.ArrayApplication - Sum of values in array: 107
16:38:36.953 [main] INFO  by.mlechka.array.main.ArrayApplication - Original array: DataArray{id=860bd7cb-ec8b-44ea-82d3-2506cc794996, numbers=[-1, 1]}
16:38:36.953 [main] INFO  mlechka.array.service.impl.ArithmeticArrayServiceImpl - Minimal value in array: -1
16:38:36.954 [main] INFO  by.mlechka.array.main.ArrayApplication - Minimum value in array: -1
16:38:36.954 [main] INFO  mlechka.array.service.impl.ArithmeticArrayServiceImpl - Maximum value in array: 1
16:38:36.954 [main] INFO  by.mlechka.array.main.ArrayApplication - Maximum value in array: 1
16:38:36.955 [main] INFO  mlechka.array.service.impl.ArithmeticArrayServiceImpl - Array after replacement: DataArray{id=860bd7cb-ec8b-44ea-82d3-2506cc794996, numbers=[1, 1]}
16:38:36.955 [main] INFO  by.mlechka.array.main.ArrayApplication - Array after replacement: DataArray{id=860bd7cb-ec8b-44ea-82d3-2506cc794996, numbers=[1, 1]}
16:38:36.956 [main] INFO  mlechka.array.service.impl.ArithmeticArrayServiceImpl - Average value in array: 1.0
16:38:36.956 [main] INFO  by.mlechka.array.main.ArrayApplication - Average value in array: 1.0
16:38:36.956 [main] INFO  mlechka.array.service.impl.ArithmeticArrayServiceImpl - Sum of values in array: 2
16:38:36.956 [main] INFO  by.mlechka.array.main.ArrayApplication - Sum of values in array: 2
16:38:36.957 [main] INFO  by.mlechka.array.main.ArrayApplication - Original array: DataArray{id=f075b1d6-9d89-4d9d-9a40-be362530d9d0, numbers=[-1, -2]}
16:38:36.957 [main] INFO  mlechka.array.service.impl.ArithmeticArrayServiceImpl - Minimal value in array: -2
16:38:36.957 [main] INFO  by.mlechka.array.main.ArrayApplication - Minimum value in array: -2
16:38:36.957 [main] INFO  mlechka.array.service.impl.ArithmeticArrayServiceImpl - Maximum value in array: -1
16:38:36.958 [main] INFO  by.mlechka.array.main.ArrayApplication - Maximum value in array: -1
16:38:36.958 [main] INFO  mlechka.array.service.impl.ArithmeticArrayServiceImpl - Array after replacement: DataArray{id=f075b1d6-9d89-4d9d-9a40-be362530d9d0, numbers=[-1, -1]}
16:38:36.958 [main] INFO  by.mlechka.array.main.ArrayApplication - Array after replacement: DataArray{id=f075b1d6-9d89-4d9d-9a40-be362530d9d0, numbers=[-1, -1]}
16:38:36.959 [main] INFO  mlechka.array.service.impl.ArithmeticArrayServiceImpl - Average value in array: -1.0
16:38:36.960 [main] INFO  by.mlechka.array.main.ArrayApplication - Average value in array: -1.0
16:38:36.960 [main] INFO  mlechka.array.service.impl.ArithmeticArrayServiceImpl - Sum of values in array: -2
16:38:36.960 [main] INFO  by.mlechka.array.main.ArrayApplication - Sum of values in array: -2
16:39:32.630 [main] DEBUG mlechka.array.validator.impl.ArrayValidatorImpl - String 1 2 3 4 5 contains only numbers and whitespaces and will be processed to an array with numbers
16:39:32.636 [main] DEBUG mlechka.array.validator.impl.ArrayValidatorImpl - String 7 -1 5 8 contains only numbers and whitespaces and will be processed to an array with numbers
16:39:32.637 [main] INFO  mlechka.array.validator.impl.ArrayValidatorImpl - String a z 4 do not contain only numbers and whitespaces and will be ignored
16:39:32.639 [main] INFO  mlechka.array.validator.impl.ArrayValidatorImpl - String 1 k 123 do not contain only numbers and whitespaces and will be ignored
16:39:32.639 [main] DEBUG mlechka.array.validator.impl.ArrayValidatorImpl - String 8 9 45 6 contains only numbers and whitespaces and will be processed to an array with numbers
16:39:32.641 [main] INFO  mlechka.array.validator.impl.ArrayValidatorImpl - String . do not contain only numbers and whitespaces and will be ignored
16:39:32.642 [main] INFO  mlechka.array.validator.impl.ArrayValidatorImpl - String - 1 do not contain only numbers and whitespaces and will be ignored
16:39:32.642 [main] INFO  mlechka.array.validator.impl.ArrayValidatorImpl - String 1 - do not contain only numbers and whitespaces and will be ignored
16:39:32.643 [main] INFO  mlechka.array.validator.impl.ArrayValidatorImpl - String - do not contain only numbers and whitespaces and will be ignored
16:39:32.643 [main] INFO  mlechka.array.validator.impl.ArrayValidatorImpl - String + do not contain only numbers and whitespaces and will be ignored
16:39:32.644 [main] DEBUG mlechka.array.validator.impl.ArrayValidatorImpl - String -1 1 contains only numbers and whitespaces and will be processed to an array with numbers
16:39:32.644 [main] DEBUG mlechka.array.validator.impl.ArrayValidatorImpl - String -1 -2 contains only numbers and whitespaces and will be processed to an array with numbers
16:39:32.766 [main] INFO  by.mlechka.array.main.ArrayApplication - Original array: DataArray{id=3c5a7510-0241-428f-a725-bcff27eeb2b6, numbers=[1, 2, 3, 4, 5]}
16:39:32.767 [main] INFO  mlechka.array.service.impl.ArithmeticArrayServiceImpl - Minimal value in array: 1
16:39:32.767 [main] INFO  by.mlechka.array.main.ArrayApplication - Minimum value in array: 1
16:39:32.768 [main] INFO  mlechka.array.service.impl.ArithmeticArrayServiceImpl - Maximum value in array: 5
